Failed to download https://coolwallpapers.me/picsup/5093219-aircraft-dassault-rafale-jet-fighter-warplane.jpg
Failed to download http://upload.wikimedia.org/wikipedia/commons/f/f7/Dassault_Rafale_C_1_(7567927372).jpg
Failed to download https://www.aeroflap.com.br/wp-content/uploads/2023/02/FnZ9JG6XEAAj6Ht-1024x683.jpg
Failed to download https://english.defensearabia.com/wp-content/uploads/2023/03/Rafale-F4-standard-test-aircraft-1920x1201-1.jpg
Failed to download https://defence-blog.com/wp-content/uploads/2021/11/2350954-1.jpg
Failed to download https://media.defense.gov/2004/Jun/01/2000591542/-1/-1/0/040528-F-1740G-004.JPG
Failed to download https://media.defense.gov/2021/Sep/29/2002864183/1200/1200/0/200317-F-AI558-9202.JPG
Failed to download https://media.defense.gov/2003/Feb/10/2000030393/-1/-1/0/010205-F-1631A-001.JPG
Failed to download https://rare-gallery.com/uploads/posts/710306-Airplane-Fighter-Airplane-F-16-Fighting-Falcon.jpg
Failed to download https://rare-gallery.com/uploads/posts/527301-general-dynamics.jpg
Failed to download https://media.defense.gov/2015/Jan/30/2001136309/-1/-1/0/663901-F-WZH58-806.jpg
Failed to download https://s1.cdn.autoevolution.com/images/news/f-16-fighting-falcon-shows-viper-like-camo-over-alaska-165912_1.jpg
Failed to download https://s1.cdn.autoevolution.com/images/news/f-16-fighting-falcon-lands-for-training-looks-loaded-for-war-190087_1.jpg
Failed to download https://rare-gallery.com/uploads/posts/826261-Airplane-Fighter-Airplane-F-16-Fighting-Falcon-Flight.jpg
Failed to download https://www.net-maquettes.com/wp-content/uploads/2017/11/F-16-Fighting-Falcon-9.jpg
Failed to download https://media.defense.gov/2003/Feb/10/2000030397/-1/-1/0/010525-F-7238T-013.JPG
Failed to download https://media.defense.gov/2014/Jul/10/2000834047/-1/-1/0/140514-O-XX000-016.JPG
Failed to download https://hdwallsbox.com/wallpapers/l/1920x1080/89/f-16-fighting-falcon-aircraft-fighter-jet-1920x1080-88948.jpg
Failed to download https://media.defense.gov/2005/Dec/26/2000574354/-1/-1/0/050324-F-1234P-030.JPG
Failed to download https://media.defense.gov/2009/Aug/05/2000508979/-1/-1/0/081112-F-7823A-306.JPG
Failed to download https://s1.cdn.autoevolution.com/images/news/gallery/american-and-saudi-f-15s-fly-single-file-lead-pilot-makes-a-spectacle_1.jpg
Failed to download https://media.defense.gov/2007/Aug/02/2000464157/-1/-1/0/070610-F-0205S-103.JPG
Failed to download https://media.defense.gov/2006/Jun/20/2000551990/2000/2000/0/060614-F-8260H-310.JPG
Failed to download https://upload.wikimedia.org/wikipedia/commons/thumb/a/a6/F-15C_Eagle_from_the_44th_Fighter_Squadron_flies_during_a_routine_training_exercise_April_15,_2019.jpg/640px-F-15C_Eagle_from_the_44th_Fighter_Squadron_flies_during_a_routine_training_exercise_April_15,_2019.jpg
Failed to download https://imgproc.airliners.net/photos/airliners/1/9/3/4858391.jpg?v=v4e9b171a52a
Failed to download https://imgproc.airliners.net/photos/airliners/5/1/5/2442515.jpg?v=v40
Failed to download https://media.defense.gov/2020/Jun/09/2002312925/2000/2000/0/200602-F-IO108-007.JPG
Failed to download https://coolwallpapers.me/picsup/1095037-mcdonnell-douglas-f-15-eagle.jpg
Failed to download https://s1.cdn.autoevolution.com/images/news/gallery/camera-looks-at-f-15e-strike-eagle-mid-flight-pilots-looks-right-back_1.jpg
Failed to download https://techraptor.net/sites/default/files/styles/image_header/public/2023-02/DCS+World+F-15E+Strike+Eagle.jpg?itok=bjt9QHeC
Failed to download https://defence-blog.com/wp-content/uploads/2019/09/5436684-1024x683.jpg
Failed to download https://media.defense.gov/2007/Aug/02/2000464157/1200/1200/0/070610-F-0205S-103.JPG
Failed to download https://media.defense.gov/2021/Sep/29/2002864190/-1/-1/0/180510-F-QP712-9162.JPG
Failed to download http://www.meepanda.com/wp-content/uploads/2014/12/F-15_71st_Fighter_Squadron_in_flight.jpg
Failed to download https://coolwallpapers.me/picsup/5092796-aircraft-jet-fighter-mikoyan-mig-29-warplane.jpg
Failed to download http://upload.wikimedia.org/wikipedia/commons/e/ee/Polish_Air_Force_MiG-29_at_the_2013_Royal_International_Air_Tattoo_(9347807193).jpg
Failed to download https://upload.wikimedia.org/wikipedia/commons/8/87/Mikoyan_MiG-29_BM_Variant_-_Jet_fighter_-_36100_-_Bangladesh_Air_Force_-_VGHS.jpg
Failed to download https://upload.wikimedia.org/wikipedia/commons/7/7c/Slovak_Air_Force_MiG-29AS.JPG
Failed to download https://www.net-maquettes.com/wp-content/uploads/2012/10/Mikoyan-MiG-29-Fulcrum-7.jpg
Failed to download https://www.airhistory.net/photos/0569037.jpg
Failed to download https://wallpapercrafter.com/desktop2/879215-airplane-fighter-jet-mig-mig-29-military-plane.jpg
Failed to download https://media.defense.gov/2016/Nov/08/2001665756/-1/-1/0/161108-F-IO108-013.JPG
Failed to download https://www.airhistory.net/photos/0189557.jpg
Failed to download https://s1.cdn.autoevolution.com/images/news/gallery/despite-being-a-terrible-weapon-the-mig-29-fulcrum-is-close-to-its-retirement_2.jpg
Failed to download https://www.airhistory.net/photos/0189459.jpg?m=1575301043
Failed to download https://aviex.goflexair.com/hs-fs/hubfs/Mikoyan+MiG-29+Fulcrum.jpeg?width=1920&height=1320&name=Mikoyan+MiG-29+Fulcrum.jpeg
Failed to download http://upload.wikimedia.org/wikipedia/commons/d/d5/Sukhoi_Su-30_inflight.jpg
Failed to download https://media.defense.gov/2008/Jul/15/2000693122/2000/2000/0/080715-F-JZ034-492.JPG
Failed to download https://upload.wikimedia.org/wikipedia/commons/3/3e/Su30mkm_flying_at_lima_two_(cropped).jpg
Failed to download https://imgproc.airliners.net/photos/airliners/9/9/7/3888799.jpg?v=v47ab1015ed4
Failed to download https://wallpapercrafter.com/desktop3/940224-Jet-Fighters-Sukhoi-Su-33-Aircraft-Jet-Fighter.jpg
Failed to download https://imgproc.airliners.net/photos/airliners/1/8/4/5445481.jpg?v=v48f8b443d14
Failed to download https://imgproc.airliners.net/photos/airliners/5/9/8/3861895.jpg?v=v4c584beace3
Failed to download https://www.teahub.io/photos/full/214-2141352_sukhoi-su-30mki-hd.jpg
Failed to download http://airplanes.itsabouttravelling.com/wp-content/uploads/2017/06/n403ua-united-airlines-airbus-a320-05.jpg
Failed to download http://upload.wikimedia.org/wikipedia/commons/2/24/Lufthansa_Airbus_A320-211_D-AIQT_01.jpg
Failed to download http://airplanes.itsabouttravelling.com/wp-content/uploads/2018/06/n361nw-delta-air-lines-airbus-a320-200-02.jpg
Failed to download http://airplanes.itsabouttravelling.com/wp-content/uploads/2019/05/n455ua-united-airlines-airbus-a320-200-02.jpg
Failed to download http://airplanes.itsabouttravelling.com/wp-content/uploads/2019/12/n401ua-united-airlines-airbus-a320-200-02-scaled.jpg
Failed to download https://airplanes.itsabouttravelling.com/wp-content/uploads/2017/11/c-ftjs-air-canada-airbus-a320-200-03.jpg
Failed to download https://wallpapercrafter.com/desktop3/1053549-Fighter-Dassault-Rafale-The-French-air-force-Air.jpg
Failed to download https://www.javiergarzas.com/wp-content/uploads/2017/12/caza.jpg
Search failed for F-16 Fighting Falcon: No results found.
Failed to download https://imgproc.airliners.net/photos/airliners/1/9/3/4858391.jpg?v=v4e9b171a52a
Failed to download https://images3.alphacoders.com/147/147375.jpg
Failed to download https://upload.wikimedia.org/wikipedia/commons/7/7c/Slovak_Air_Force_MiG-29AS.JPG
Failed to download https://www.net-maquettes.com/wp-content/uploads/2012/10/Mikoyan-MiG-29-Fulcrum-7.jpg
Failed to download https://www.airhistory.net/photos/0569037.jpg
Failed to download https://wallpapercrafter.com/desktop2/879215-airplane-fighter-jet-mig-mig-29-military-plane.jpg
Failed to download https://media.defense.gov/2016/Nov/08/2001665756/-1/-1/0/161108-F-IO108-013.JPG
Failed to download https://www.airhistory.net/photos/0189557.jpg
Failed to download https://s1.cdn.autoevolution.com/images/news/gallery/despite-being-a-terrible-weapon-the-mig-29-fulcrum-is-close-to-its-retirement_2.jpg
Failed to download https://www.airhistory.net/photos/0189459.jpg?m=1575301043
Failed to download https://aviex.goflexair.com/hs-fs/hubfs/Mikoyan+MiG-29+Fulcrum.jpeg?width=1920&height=1320&name=Mikoyan+MiG-29+Fulcrum.jpeg
Failed to download http://upload.wikimedia.org/wikipedia/commons/d/d5/Sukhoi_Su-30_inflight.jpg
Failed to download https://media.defense.gov/2008/Jul/15/2000693122/2000/2000/0/080715-F-JZ034-492.JPG
Failed to download https://upload.wikimedia.org/wikipedia/commons/3/3e/Su30mkm_flying_at_lima_two_(cropped).jpg
Failed to download https://imgproc.airliners.net/photos/airliners/9/9/7/3888799.jpg?v=v47ab1015ed4
Failed to download https://wallpapercrafter.com/desktop3/940224-Jet-Fighters-Sukhoi-Su-33-Aircraft-Jet-Fighter.jpg
Failed to download https://imgproc.airliners.net/photos/airliners/1/8/4/5445481.jpg?v=v48f8b443d14
Failed to download https://imgproc.airliners.net/photos/airliners/5/9/8/3861895.jpg?v=v4c584beace3
Failed to download https://www.teahub.io/photos/full/214-2141352_sukhoi-su-30mki-hd.jpg
Failed to download http://airplanes.itsabouttravelling.com/wp-content/uploads/2017/06/n403ua-united-airlines-airbus-a320-05.jpg
Failed to download http://airplanes.itsabouttravelling.com/wp-content/uploads/2019/05/n455ua-united-airlines-airbus-a320-200-02.jpg
Failed to download https://iccjet.com/images/stories/aircraft_for_sale/airbus/a320/images/AIRBUS_A320_FOR_SALE_PHOTO_2.jpg
Failed to download https://airplanes.itsabouttravelling.com/wp-content/uploads/2017/11/c-ftjs-air-canada-airbus-a320-200-03.jpg
Failed to download http://airplanes.itsabouttravelling.com/wp-content/uploads/2019/12/n401ua-united-airlines-airbus-a320-200-02-scaled.jpg
Failed to download https://aerolatinnews.com/wp-content/uploads/2018/01/a320.jpg
Failed to download https://blogdospotter.com.br/wp-content/uploads/2022/09/IMG_2248.jpg
Failed to download https://resources.globalair.com/aircraftforsale/images/ads/original/80670_Airbus_320-200NEO_FilePhoto.jpg
Failed to download https://www.renderhub.com/squir/airbus-a320-neo/airbus-a320-neo-01.jpg
Failed to download https://cdn.seatguru.com/en_US/img/20181231162802/seatguru/airlines_new/Alitalia_Airlines/Alitalia_Airlines_Airbus_A320.jpg
Failed to download http://airplanes.itsabouttravelling.com/wp-content/uploads/2018/04/n433ua-united-airlines-airbus-a320-200-06.jpg
Failed to download http://airplanes.itsabouttravelling.com/wp-content/uploads/2018/01/c-ffwj-air-canada-airbus-a320-200-02.jpg
Failed to download https://www.renderhub.com/alpha3dst/jetblue-a320-neo/jetblue-a320-neo-01.jpg
Failed to download https://www.puentedemando.com/wp-content/uploads/2018/06/First_A320neo_for_SAS_.jpg
Failed to download https://img.static-af.com/transform/e12a683a-de00-450b-8831-d9ceb8978a5a/
Failed to download https://www.delta.com/content/dam/delta-www/responsive/airports-aircraft/Airbus/Profile-Detail/aircraft-A320-M-and-K-profile-detail-924.png
Failed to download https://www.delta.com/content/dam/delta-www/responsive/airports-aircraft/Airbus/LOPA/a320-200-seat-map-static-desktop.png
Failed to download https://i1.wp.com/thepointsguy.com/wp-content/uploads/2017/03/IMG_0280.jpg?fit=2048,2048px&ssl=1
Failed to download https://imgproc.airliners.net/photos/airliners/3/5/1/4867153.jpg?v=v402fed4e377
Failed to download https://runwaygirlnetwork.com/wp-content/uploads/2021/02/The-PaxEx-on-board-varies-from-all-business-to-all-economy.-Image-John-WAlton-scaled.jpg
Failed to download https://blogdospotter.com.br/wp-content/uploads/2022/08/IMG_0771.jpg
Failed to download http://upload.wikimedia.org/wikipedia/commons/f/fb/Avion_Express_Italia_Airbus_A320_JBM.jpg
Failed to download https://i1.wp.com/thepointsguy.com/wp-content/uploads/2019/03/IMG_20190318_151023.jpg?fit=2400,1600px&ssl=1
Failed to download https://airplanes.itsabouttravelling.com/wp-content/uploads/2017/12/n78501-united-airlines-boeing-737-800-02.jpg
Failed to download https://aviatorinsider.com/wp-content/uploads/2022/08/1_boeing-737-max-8.jpg
Failed to download https://aviatorinsider.com/wp-content/uploads/2022/08/1_B737-classic-1.jpg
Failed to download https://airplanes.itsabouttravelling.com/wp-content/uploads/2017/12/n78501-united-airlines-boeing-737-800-05.jpg
Failed to download https://aviatorinsider.com/wp-content/uploads/2022/08/1_b737-max.jpg
Failed to download https://upload.wikimedia.org/wikipedia/commons/thumb/9/9e/Delta_Air_Lines_Boeing_737-832;_N3747D@LAX;10.10.2011_622in_(6482376485).jpg/640px-Delta_Air_Lines_Boeing_737-832;_N3747D@LAX;10.10.2011_622in_(6482376485).jpg
Failed to download http://airplanes.itsabouttravelling.com/wp-content/uploads/2017/12/n78501-united-airlines-boeing-737-800-03.jpg
Failed to download https://upload.wikimedia.org/wikipedia/commons/thumb/e/e9/South_African_Airlink_Boeing_737-200_Advanced_Smith.jpg/600px-South_African_Airlink_Boeing_737-200_Advanced_Smith.jpg
Failed to download https://upload.wikimedia.org/wikipedia/commons/thumb/b/bf/Boeing_737-130,_Lufthansa_AN2056613.jpg/440px-Boeing_737-130,_Lufthansa_AN2056613.jpg
Failed to download https://upload.wikimedia.org/wikipedia/commons/thumb/a/a7/Air_Berlin_B737-700_Dreamliner_D-ABBN.jpg/360px-Air_Berlin_B737-700_Dreamliner_D-ABBN.jpg
Failed to download https://aviatorinsider.com/wp-content/uploads/2022/08/1_b737-2.jpg
Failed to download https://aviatorinsider.com/wp-content/uploads/2022/08/1_b737-1.jpg
Failed to download https://aviatorinsider.com/wp-content/uploads/2022/08/1_boeing-737-max-9.jpg
Failed to download https://upload.wikimedia.org/wikipedia/commons/thumb/7/7a/Transaero_b737-400_planform_ei-cxk_arp.jpg/600px-Transaero_b737-400_planform_ei-cxk_arp.jpg
Failed to download https://cdn.seatguru.com/en_US/img/20190116205904/seatguru/airlines_new/Westjet/Westjet_Boeing_737-800.jpg
Failed to download https://aviatorinsider.com/wp-content/uploads/2022/08/boeing-737-200.jpg
Failed to download https://www.aerotime.aero/images/Boeing-737-MAX-7-performing-a-flight-demonstration-at-the-Farnborough-International-Airshow-in-2018.jpg
Failed to download https://cdn.onemileatatime.com/wp-content/uploads/2023/07/Qatar-Airways-737-MAX-First-Class-2.jpeg
Failed to download https://upload.wikimedia.org/wikipedia/commons/thumb/d/de/Boeing_737-79P,_China_Eastern_Airlines_JP6128143.jpg/546px-Boeing_737-79P,_China_Eastern_Airlines_JP6128143.jpg
Failed to download https://aviatorinsider.com/wp-content/uploads/2022/08/boeing-737-600.jpg
Failed to download https://upload.wikimedia.org/wikipedia/commons/thumb/c/c8/PK-LQJ.jpg/479px-PK-LQJ.jpg
Failed to download https://aviatorinsider.com/wp-content/uploads/2022/08/1_boeing-737-800.jpg
Failed to download https://aviatorinsider.com/wp-content/uploads/2022/08/Boeing-737-Guide-and-Specs.jpg
Failed to download https://upload.wikimedia.org/wikipedia/commons/thumb/6/67/F-WWEZ_(948)_ATR.72-212A(500)_FlyFireFly_TLS_30AUG11_(6097869500)_(cropped).jpg/1200px-F-WWEZ_(948)_ATR.72-212A(500)_FlyFireFly_TLS_30AUG11_(6097869500)_(cropped).jpg
Failed to download https://cargofacts.com/wp-content/uploads/2022/09/Loganair-Airbourne.jpg
Failed to download https://www.stratosjets.com/wp-content/uploads/2014/08/ATR-72-600-4.jpg
Failed to download https://s3.eu-west-2.amazonaws.com/abpic-media-eu-production/pictures/full_size_0535/1814454-large.jpg
Failed to download https://s3.eu-west-2.amazonaws.com/abpic-media-eu-production/pictures/full_size_0535/1813436-large.jpg
Failed to download https://imgproc.airliners.net/photos/airliners/9/4/9/7000949.jpg?v=v4f10ca78a2b
Failed to download https://imgproc.airliners.net/photos/airliners/7/4/2/6966247.jpg?v=v48b492f595f
Failed to download https://www.airhistory.net/photos/0606070.jpg
Failed to download https://imgproc.airliners.net/photos/airliners/9/9/0/7198099.jpg?v=v42b1d8652dd
Failed to download https://imgproc.airliners.net/photos/airliners/1/8/3/7070381.jpg?v=v47bc654fe06
Failed to download https://imgproc.airliners.net/photos/airliners/1/7/6/6874671.jpg?v=v474a6c408a0
Failed to download https://imgproc.airliners.net/photos/airliners/1/2/7/6978721.jpg?v=v481887435c9
Failed to download https://aerolatinnews.com/wp-content/uploads/2020/11/atr_58591md_1403.jpg
Failed to download https://blogdospotter.com.br/wp-content/uploads/2021/12/IMG_4604.jpg
Failed to download https://s3.eu-west-2.amazonaws.com/abpic-media-eu-production/pictures/full_size_0535/1814455-large.jpg
Failed to download https://cdn.flightsim.to/images/25/atr-72-600-westjet-25235-1682494614-KvMzA.jpg?width=1400&auto_optimize=medium
Failed to download https://rare-gallery.com/uploads/posts/554215-boeing-ah-64-apache.jpg
Failed to download https://www.destinationsjourney.com/wp-content/uploads/2018/04/IMG_0472.jpg
Failed to download https://rare-gallery.com/uploads/posts/861488-Helicopters-AH-64-Apache-Takeoff.jpg
Failed to download https://wallpapercrafter.com/desktop4/1309920-Speed-Apache-AH-64-Apache-Chassis-Attack-helicopter.jpg
Failed to download https://goallclear.com/wp-content/uploads/2022/09/ACLR-AH-64-Blog-850x567@2x.jpg
Failed to download https://vertipedia-legacy.vtol.org/images/aircraft/AH-64D_Singapore.jpg
Failed to download https://imgproc.airliners.net/photos/airliners/6/6/1/1278166.jpg?v=v40
Failed to download https://p4.wallpaperbetter.com/wallpaper/484/798/481/attack-helicopter-us-army-u-s-air-force-apache-ah-64-wallpaper-preview.jpg
Failed to download https://wallpapercrafter.com/desktop3/999525-Apache-AH-64-Apache-Pilot-Chassis-Attack-helicopter.jpg
Search failed for UH-60 Black Hawk: No results found.
Failed to download https://s1.cdn.autoevolution.com/images/news/gallery/general-atomics-mq-9-reaper-drone-completes-over-2-million-flight-hours_5.jpg
Failed to download https://s1.cdn.autoevolution.com/images/news/gallery/us-air-force-proves-that-reaper-drones-can-now-take-off-and-land-on-their-own_5.jpg
Failed to download https://media.defense.gov/2024/Feb/23/2003399926/-1/-1/0/240214-F-QY889-1350.JPG
Failed to download http://p.motionelements.com/stock-video/transportation/me9023597-mq-reaper-uav-unmanned-aerial-vehicle-hd-a0005.jpg
Failed to download https://media.defense.gov/2007/Oct/11/2000442368/-1/-1/0/070931-M-5827M-011.JPG
Failed to download https://media.defense.gov/2018/Feb/26/2001881830/-1/-1/0/180222-F-MQ799-0009.JPG
Failed to download https://www.unmannedsystemstechnology.com/wp-content/uploads/2018/07/MQ-9-Reaper-UAV-1024x683.jpg
Failed to download https://s1.cdn.autoevolution.com/images/news/gallery/general-atomics-mq-9-reaper-drone-completes-over-2-million-flight-hours_6.jpg
Failed to download https://media.defense.gov/2006/Sep/14/2000542935/2000/2000/0/060914-F-0000G-003.JPG
Failed to download https://s.france24.com/media/display/29678e9e-c29a-11ed-b17b-005056bf30b7/7785191868a63cca41c1b75378396238232f6620.jpg
Failed to download https://www.armyrecognition.com/templates/yootheme/cache/a5/India+accelerates+its+focus+on+drones+and+is+negotiating+with+the+Americans+for+long-range+UAVs+3-a5a0f629.jpeg
Failed to download https://media.defense.gov/2007/Oct/11/2000442365/-1/-1/0/070931-M-5827M-016.JPG
Failed to download https://www.defenseadvancement.com/wp-content/uploads/2023/06/MQ-9-Reaper.png
Failed to download https://media.defense.gov/2008/May/16/2000619052/-1/-1/0/080513-F-9594U-001.JPG
Failed to download https://rare-gallery.com/uploads/posts/110598-dji-phantom-4-drone-quadcopter-phantom-review-test.jpg
Failed to download http://img.gentside.com/article/dji-phantom-2-vision/dji-phantom-2-vision-l-aeromodele-teleguide-est-disponible-et-coute-999-euros_905fc6c4634a4c19919c15969bb589f797f74d06.jpg
Failed to download https://pisces.bbystatic.com/image2/BestBuy_US/images/products/5710/5710367_sd.jpg
Failed to download https://thegadgetflow.com/wp-content/uploads/2018/12/DJI-Phantom-4-RTK-Drone-01.jpg
Failed to download http://nofilmschool.com/sites/default/files/styles/facebook/public/dji_phantom_3_standard_front.jpg?itok=QOtDR_vc
Failed to download https://www.slrlounge.com/wp-content/uploads/2017/02/Ryan-longnecker-dji-phantom-4-drone-photography-21.jpg
Failed to download https://dronebelow.com/wp-content/uploads/2018/08/phantom-4-pro.jpg
Failed to download http://image.darty.com/telephonie/drone/drone/dji_phantom_4_pro_plus_k1612024278755A_155903312.jpg
Failed to download https://png.pngtree.com/png-clipart/20240927/original/pngtree-dji-phantom-quadcopter-drone-png-image_16103101.png
Failed to download https://www.dronedreams.com.pe/wp-content/uploads/2019/04/phantom-4-RTK-DJI-DDP-1.jpg
Failed to download https://www.slrlounge.com/wp-content/uploads/2016/11/dji-phantom-4-pro-drone.jpg
Failed to download https://wallpapercrafter.com/desktop/38512-DJI-Phantom-4-drone-quadcopter-Phantom-review-test.jpg
Failed to download http://dronelife.com/wp-content/uploads/2015/06/Phantom-3.jpg
Failed to download https://pisces.bbystatic.com/image2/BestBuy_US/images/products/6235/6235300_sd.jpg
Failed to download https://wallpapercrafter.com/desktop2/762866-DJI-Phantom-3-quadcopter-sunset-unboxing-Phantom.jpg
Failed to download https://www.outstandingdrone.com/wp-content/uploads/2018/07/DJI-Phantom-4-Pro-Rc-Quadcopter.jpg
Failed to download https://www.dronedreams.com.pe/wp-content/uploads/2019/04/phantom-pro-v2-advanced-DJI-DDP-1.jpg
Failed to download https://www.outstandingdrone.com/wp-content/uploads/2018/04/gggg.jpg
